# JRE version: OpenJDK Runtime Environment Temurin-21.0.12.1+1 (21.0.12.1+1) (build 21.0.12.1+1-LTS)
# Java VM: OpenJDK 64-Bit Server VM Temurin-21.0.12.1+1 (21.0.12.1+1-LTS, mixed mode, sharing, tiered, compressed oops, compressed class ptrs, g1 gc, windows-amd64)
GC Precious Log:
 CardTable entry size: 512
 Card Set container configuration: InlinePtr #cards 4 size 8 Array Of Cards #cards 16 size 48 Howl #buckets 8 coarsen threshold 3686 Howl Bitmap #cards 512 size 80 coarsen threshold 460 Card regions per heap region 1 cards per card region 4096
 CPUs: 12 total, 12 available
 Memory: 16076M
 Large Page Support: Disabled
 NUMA Support: Disabled
 Compressed Oops: Enabled (Zero based)
 Heap Region Size: 2M
 Heap Min Capacity: 8M
 Heap Initial Capacity: 252M
 Heap Max Capacity: 3G
 Pre-touch: Disabled
 Parallel Workers: 10
 Concurrent Workers: 3
 Concurrent Refinement Workers: 10
 Periodic GC: Disabled
Heap:
 garbage-first heap   total 280576K, used 191140K [0x0000000740000000, 0x0000000800000000)
  region size 2048K, 20 young (40960K), 2 survivors (4096K)
 Metaspace       used 81041K, committed 83264K, reserved 1179648K
  class space    used 11189K, committed 12288K, reserved 1048576K
GC Heap History (20 events):
Event: 557.487 GC heap before
{Heap before GC invocations=37 (full 0):
 garbage-first heap   total 321536K, used 99166K [0x0000000740000000, 0x0000000800000000)
  region size 2048K, 17 young (34816K), 6 survivors (12288K)
 Metaspace       used 80236K, committed 82432K, reserved 1179648K
  class space    used 11154K, committed 12224K, reserved 1048576K
}
Event: 557.498 GC heap after
{Heap after GC invocations=38 (full 0):
 garbage-first heap   total 321536K, used 77426K [0x0000000740000000, 0x0000000800000000)
  region size 2048K, 5 young (10240K), 5 survivors (10240K)
 Metaspace       used 80236K, committed 82432K, reserved 1179648K
  class space    used 11154K, committed 12224K, reserved 1048576K
}
Event: 703.387 GC heap before
{Heap before GC invocations=39 (full 0):
 garbage-first heap   total 296960K, used 296562K [0x0000000740000000, 0x0000000800000000)
  region size 2048K, 34 young (69632K), 5 survivors (10240K)
 Metaspace       used 80328K, committed 82496K, reserved 1179648K
  class space    used 11155K, committed 12224K, reserved 1048576K
}
Event: 703.394 GC heap after
{Heap after GC invocations=40 (full 0):
 garbage-first heap   total 309248K, used 78724K [0x0000000740000000, 0x0000000800000000)
  region size 2048K, 5 young (10240K), 5 survivors (10240K)
 Metaspace       used 80328K, committed 82496K, reserved 1179648K
  class space    used 11155K, committed 12224K, reserved 1048576K
}
Event: 736.294 GC heap before
{Heap before GC invocations=40 (full 0):
 garbage-first heap   total 309248K, used 306052K [0x0000000740000000, 0x0000000800000000)
  region size 2048K, 39 young (79872K), 5 survivors (10240K)
 Metaspace       used 80523K, committed 82752K, reserved 1179648K
  class space    used 11176K, committed 12288K, reserved 1048576K
}
Event: 736.301 GC heap after
{Heap after GC invocations=41 (full 0):
 garbage-first heap   total 321536K, used 77961K [0x0000000740000000, 0x0000000800000000)
  region size 2048K, 3 young (6144K), 3 survivors (6144K)
 Metaspace       used 80523K, committed 82752K, reserved 1179648K
  class space    used 11176K, committed 12288K, reserved 1048576K
}
Event: 737.640 GC heap before
{Heap before GC invocations=41 (full 0):
 garbage-first heap   total 321536K, used 96393K [0x0000000740000000, 0x0000000800000000)
  region size 2048K, 13 young (26624K), 3 survivors (6144K)
 Metaspace       used 80556K, committed 82816K, reserved 1179648K
  class space    used 11176K, committed 12288K, reserved 1048576K
}
Event: 737.646 GC heap after
{Heap after GC invocations=42 (full 0):
 garbage-first heap   total 321536K, used 77068K [0x0000000740000000, 0x0000000800000000)
  region size 2048K, 2 young (4096K), 2 survivors (4096K)
 Metaspace       used 80556K, committed 82816K, reserved 1179648K
  class space    used 11176K, committed 12288K, reserved 1048576K
}
Event: 776.035 GC heap before
{Heap before GC invocations=43 (full 0):
 garbage-first heap   total 303104K, used 298252K [0x0000000740000000, 0x0000000800000000)
  region size 2048K, 33 young (67584K), 2 survivors (4096K)
 Metaspace       used 80639K, committed 82880K, reserved 1179648K
  class space    used 11177K, committed 12288K, reserved 1048576K
}
Event: 776.037 GC heap after
{Heap after GC invocations=44 (full 0):
 garbage-first heap   total 309248K, used 76763K [0x0000000740000000, 0x0000000800000000)
  region size 2048K, 2 young (4096K), 2 survivors (4096K)
 Metaspace       used 80639K, committed 82880K, reserved 1179648K
  class space    used 11177K, committed 12288K, reserved 1048576K
}
Event: 795.427 GC heap before
{Heap before GC invocations=44 (full 0):
 garbage-first heap   total 309248K, used 302043K [0x0000000740000000, 0x0000000800000000)
  region size 2048K, 35 young (71680K), 2 survivors (4096K)
 Metaspace       used 80770K, committed 82944K, reserved 1179648K
  class space    used 11180K, committed 12288K, reserved 1048576K
}
Event: 795.432 GC heap after
{Heap after GC invocations=45 (full 0):
 garbage-first heap   total 313344K, used 76201K [0x0000000740000000, 0x0000000800000000)
  region size 2048K, 2 young (4096K), 2 survivors (4096K)
 Metaspace       used 80770K, committed 82944K, reserved 1179648K
  class space    used 11180K, committed 12288K, reserved 1048576K
}
Event: 796.739 GC heap before
{Heap before GC invocations=45 (full 0):
 garbage-first heap   total 313344K, used 80297K [0x0000000740000000, 0x0000000800000000)
  region size 2048K, 5 young (10240K), 2 survivors (4096K)
 Metaspace       used 80776K, committed 83008K, reserved 1179648K
  class space    used 11180K, committed 12288K, reserved 1048576K
}
Event: 796.742 GC heap after
{Heap after GC invocations=46 (full 0):
 garbage-first heap   total 313344K, used 76742K [0x0000000740000000, 0x0000000800000000)
  region size 2048K, 2 young (4096K), 2 survivors (4096K)
 Metaspace       used 80776K, committed 83008K, reserved 1179648K
  class space    used 11180K, committed 12288K, reserved 1048576K
}
Event: 811.727 GC heap before
{Heap before GC invocations=47 (full 0):
 garbage-first heap   total 303104K, used 297926K [0x0000000740000000, 0x0000000800000000)
  region size 2048K, 33 young (67584K), 2 survivors (4096K)
 Metaspace       used 80879K, committed 83136K, reserved 1179648K
  class space    used 11180K, committed 12288K, reserved 1048576K
}
Event: 811.729 GC heap after
{Heap after GC invocations=48 (full 0):
 garbage-first heap   total 309248K, used 76535K [0x0000000740000000, 0x0000000800000000)
  region size 2048K, 2 young (4096K), 2 survivors (4096K)
 Metaspace       used 80879K, committed 83136K, reserved 1179648K
  class space    used 11180K, committed 12288K, reserved 1048576K
}
Event: 827.596 GC heap before
{Heap before GC invocations=48 (full 0):
 garbage-first heap   total 309248K, used 301815K [0x0000000740000000, 0x0000000800000000)
  region size 2048K, 35 young (71680K), 2 survivors (4096K)
 Metaspace       used 80959K, committed 83200K, reserved 1179648K
  class space    used 11180K, committed 12288K, reserved 1048576K
}
Event: 827.598 GC heap after
{Heap after GC invocations=49 (full 0):
 garbage-first heap   total 313344K, used 76130K [0x0000000740000000, 0x0000000800000000)
  region size 2048K, 2 young (4096K), 2 survivors (4096K)
 Metaspace       used 80959K, committed 83200K, reserved 1179648K
  class space    used 11180K, committed 12288K, reserved 1048576K
}
Event: 829.079 GC heap before
{Heap before GC invocations=49 (full 0):
 garbage-first heap   total 313344K, used 80226K [0x0000000740000000, 0x0000000800000000)
  region size 2048K, 5 young (10240K), 2 survivors (4096K)
 Metaspace       used 80962K, committed 83200K, reserved 1179648K
  class space    used 11180K, committed 12288K, reserved 1048576K
}
Event: 829.082 GC heap after
{Heap after GC invocations=50 (full 0):
 garbage-first heap   total 313344K, used 76452K [0x0000000740000000, 0x0000000800000000)
  region size 2048K, 2 young (4096K), 2 survivors (4096K)
 Metaspace       used 80962K, committed 83200K, reserved 1179648K
  class space    used 11180K, committed 12288K, reserved 1048576K
}

