# JRE version: OpenJDK Runtime Environment Temurin-21.0.12.1+1 (21.0.12.1+1) (build 21.0.12.1+1-LTS)
# Java VM: OpenJDK 64-Bit Server VM Temurin-21.0.12.1+1 (21.0.12.1+1-LTS, mixed mode, sharing, tiered, compressed oops, compressed class ptrs, parallel gc, windows-amd64)
GC Precious Log:
 CardTable entry size: 512
 CPUs: 12 total, 12 available
 Memory: 16076M
 Large Page Support: Disabled
 NUMA Support: Disabled
 Compressed Oops: Enabled (32-bit)
 Alignments: Space 512K, Generation 512K, Heap 2M
 Heap Min Capacity: 100M
 Heap Initial Capacity: 100M
 Heap Max Capacity: 2G
 Pre-touch: Disabled
 Parallel Workers: 10
Heap:
 PSYoungGen      total 3072K, used 935K [0x00000000d5580000, 0x00000000d5a00000, 0x0000000100000000)
  eden space 2048K, 11% used [0x00000000d5580000,0x00000000d55bae70,0x00000000d5780000)
  from space 1024K, 68% used [0x00000000d5780000,0x00000000d582f0f8,0x00000000d5880000)
  to   space 1024K, 0% used [0x00000000d5900000,0x00000000d5900000,0x00000000d5a00000)
 ParOldGen       total 843264K, used 343274K [0x0000000080000000, 0x00000000b3780000, 0x00000000d5580000)
  object space 843264K, 40% used [0x0000000080000000,0x0000000094f3a848,0x00000000b3780000)
 Metaspace       used 86716K, committed 88512K, reserved 1179648K
  class space    used 10324K, committed 11136K, reserved 1048576K
GC Heap History (20 events):
Event: 1168.944 GC heap before
{Heap before GC invocations=2071 (full 4):
 PSYoungGen      total 2048K, used 1612K [0x00000000d5580000, 0x00000000d5880000, 0x0000000100000000)
  eden space 1024K, 82% used [0x00000000d5580000,0x00000000d5653368,0x00000000d5680000)
  from space 1024K, 75% used [0x00000000d5780000,0x00000000d5840000,0x00000000d5880000)
  to   space 1024K, 0% used [0x00000000d5680000,0x00000000d5680000,0x00000000d5780000)
 ParOldGen       total 843264K, used 332692K [0x0000000080000000, 0x00000000b3780000, 0x00000000d5580000)
  object space 843264K, 39% used [0x0000000080000000,0x00000000944e5350,0x00000000b3780000)
 Metaspace       used 86712K, committed 88512K, reserved 1179648K
  class space    used 10323K, committed 11136K, reserved 1048576K
}
Event: 1168.945 GC heap after
{Heap after GC invocations=2071 (full 4):
 PSYoungGen      total 2048K, used 515K [0x00000000d5580000, 0x00000000d5880000, 0x0000000100000000)
  eden space 1024K, 0% used [0x00000000d5580000,0x00000000d5580000,0x00000000d5680000)
  from space 1024K, 50% used [0x00000000d5680000,0x00000000d5700cd8,0x00000000d5780000)
  to   space 1024K, 0% used [0x00000000d5780000,0x00000000d5780000,0x00000000d5880000)
 ParOldGen       total 843264K, used 333316K [0x0000000080000000, 0x00000000b3780000, 0x00000000d5580000)
  object space 843264K, 39% used [0x0000000080000000,0x00000000945811b8,0x00000000b3780000)
 Metaspace       used 86712K, committed 88512K, reserved 1179648K
  class space    used 10323K, committed 11136K, reserved 1048576K
}
Event: 1168.947 GC heap before
{Heap before GC invocations=2072 (full 4):
 PSYoungGen      total 2048K, used 1535K [0x00000000d5580000, 0x00000000d5880000, 0x0000000100000000)
  eden space 1024K, 99% used [0x00000000d5580000,0x00000000d567f0b0,0x00000000d5680000)
  from space 1024K, 50% used [0x00000000d5680000,0x00000000d5700cd8,0x00000000d5780000)
  to   space 1024K, 0% used [0x00000000d5780000,0x00000000d5780000,0x00000000d5880000)
 ParOldGen       total 843264K, used 333316K [0x0000000080000000, 0x00000000b3780000, 0x00000000d5580000)
  object space 843264K, 39% used [0x0000000080000000,0x00000000945811b8,0x00000000b3780000)
 Metaspace       used 86712K, committed 88512K, reserved 1179648K
  class space    used 10323K, committed 11136K, reserved 1048576K
}
Event: 1168.949 GC heap after
{Heap after GC invocations=2072 (full 4):
 PSYoungGen      total 1536K, used 1005K [0x00000000d5580000, 0x00000000d5a00000, 0x0000000100000000)
  eden space 512K, 0% used [0x00000000d5580000,0x00000000d5580000,0x00000000d5600000)
  from space 1024K, 98% used [0x00000000d5780000,0x00000000d587b750,0x00000000d5880000)
  to   space 1536K, 0% used [0x00000000d5600000,0x00000000d5600000,0x00000000d5780000)
 ParOldGen       total 843264K, used 333821K [0x0000000080000000, 0x00000000b3780000, 0x00000000d5580000)
  object space 843264K, 39% used [0x0000000080000000,0x00000000945ff5a0,0x00000000b3780000)
 Metaspace       used 86712K, committed 88512K, reserved 1179648K
  class space    used 10323K, committed 11136K, reserved 1048576K
}
Event: 1168.957 GC heap before
{Heap before GC invocations=2073 (full 4):
 PSYoungGen      total 1536K, used 1512K [0x00000000d5580000, 0x00000000d5a00000, 0x0000000100000000)
  eden space 512K, 98% used [0x00000000d5580000,0x00000000d55fea40,0x00000000d5600000)
  from space 1024K, 98% used [0x00000000d5780000,0x00000000d587b750,0x00000000d5880000)
  to   space 1536K, 0% used [0x00000000d5600000,0x00000000d5600000,0x00000000d5780000)
 ParOldGen       total 843264K, used 333821K [0x0000000080000000, 0x00000000b3780000, 0x00000000d5580000)
  object space 843264K, 39% used [0x0000000080000000,0x00000000945ff5a0,0x00000000b3780000)
 Metaspace       used 86712K, committed 88512K, reserved 1179648K
  class space    used 10323K, committed 11136K, reserved 1048576K
}
Event: 1168.959 GC heap after
{Heap after GC invocations=2073 (full 4):
 PSYoungGen      total 2048K, used 381K [0x00000000d5580000, 0x00000000d5880000, 0x0000000100000000)
  eden space 512K, 0% used [0x00000000d5580000,0x00000000d5580000,0x00000000d5600000)
  from space 1536K, 24% used [0x00000000d5600000,0x00000000d565f448,0x00000000d5780000)
  to   space 1024K, 0% used [0x00000000d5780000,0x00000000d5780000,0x00000000d5880000)
 ParOldGen       total 843264K, used 334310K [0x0000000080000000, 0x00000000b3780000, 0x00000000d5580000)
  object space 843264K, 39% used [0x0000000080000000,0x0000000094679ad8,0x00000000b3780000)
 Metaspace       used 86712K, committed 88512K, reserved 1179648K
  class space    used 10323K, committed 11136K, reserved 1048576K
}
Event: 1168.970 GC heap before
{Heap before GC invocations=2074 (full 4):
 PSYoungGen      total 2048K, used 889K [0x00000000d5580000, 0x00000000d5880000, 0x0000000100000000)
  eden space 512K, 99% used [0x00000000d5580000,0x00000000d55ff230,0x00000000d5600000)
  from space 1536K, 24% used [0x00000000d5600000,0x00000000d565f448,0x00000000d5780000)
  to   space 1024K, 0% used [0x00000000d5780000,0x00000000d5780000,0x00000000d5880000)
 ParOldGen       total 843264K, used 334310K [0x0000000080000000, 0x00000000b3780000, 0x00000000d5580000)
  object space 843264K, 39% used [0x0000000080000000,0x0000000094679ad8,0x00000000b3780000)
 Metaspace       used 86712K, committed 88512K, reserved 1179648K
  class space    used 10323K, committed 11136K, reserved 1048576K
}
Event: 1168.972 GC heap after
{Heap after GC invocations=2074 (full 4):
 PSYoungGen      total 2048K, used 447K [0x00000000d5580000, 0x00000000d5800000, 0x0000000100000000)
  eden space 1536K, 0% used [0x00000000d5580000,0x00000000d5580000,0x00000000d5700000)
  from space 512K, 87% used [0x00000000d5780000,0x00000000d57eff48,0x00000000d5800000)
  to   space 512K, 0% used [0x00000000d5700000,0x00000000d5700000,0x00000000d5780000)
 ParOldGen       total 843264K, used 334564K [0x0000000080000000, 0x00000000b3780000, 0x00000000d5580000)
  object space 843264K, 39% used [0x0000000080000000,0x00000000946b9030,0x00000000b3780000)
 Metaspace       used 86712K, committed 88512K, reserved 1179648K
  class space    used 10323K, committed 11136K, reserved 1048576K
}
Event: 1168.993 GC heap before
{Heap before GC invocations=2075 (full 4):
 PSYoungGen      total 2048K, used 1867K [0x00000000d5580000, 0x00000000d5800000, 0x0000000100000000)
  eden space 1536K, 92% used [0x00000000d5580000,0x00000000d56e2da8,0x00000000d5700000)
  from space 512K, 87% used [0x00000000d5780000,0x00000000d57eff48,0x00000000d5800000)
  to   space 512K, 0% used [0x00000000d5700000,0x00000000d5700000,0x00000000d5780000)
 ParOldGen       total 843264K, used 337399K [0x0000000080000000, 0x00000000b3780000, 0x00000000d5580000)
  object space 843264K, 40% used [0x0000000080000000,0x000000009497dd20,0x00000000b3780000)
 Metaspace       used 86712K, committed 88512K, reserved 1179648K
  class space    used 10323K, committed 11136K, reserved 1048576K
}
Event: 1168.995 GC heap after
{Heap after GC invocations=2075 (full 4):
 PSYoungGen      total 2048K, used 501K [0x00000000d5580000, 0x00000000d5a00000, 0x0000000100000000)
  eden space 1536K, 0% used [0x00000000d5580000,0x00000000d5580000,0x00000000d5700000)
  from space 512K, 97% used [0x00000000d5700000,0x00000000d577d628,0x00000000d5780000)
  to   space 1536K, 0% used [0x00000000d5880000,0x00000000d5880000,0x00000000d5a00000)
 ParOldGen       total 843264K, used 338023K [0x0000000080000000, 0x00000000b3780000, 0x00000000d5580000)
  object space 843264K, 40% used [0x0000000080000000,0x0000000094a19d18,0x00000000b3780000)
 Metaspace       used 86712K, committed 88512K, reserved 1179648K
  class space    used 10323K, committed 11136K, reserved 1048576K
}
Event: 1169.042 GC heap before
{Heap before GC invocations=2076 (full 4):
 PSYoungGen      total 2048K, used 2037K [0x00000000d5580000, 0x00000000d5a00000, 0x0000000100000000)
  eden space 1536K, 100% used [0x00000000d5580000,0x00000000d5700000,0x00000000d5700000)
  from space 512K, 97% used [0x00000000d5700000,0x00000000d577d628,0x00000000d5780000)
  to   space 1536K, 0% used [0x00000000d5880000,0x00000000d5880000,0x00000000d5a00000)
 ParOldGen       total 843264K, used 338023K [0x0000000080000000, 0x00000000b3780000, 0x00000000d5580000)
  object space 843264K, 40% used [0x0000000080000000,0x0000000094a19d18,0x00000000b3780000)
 Metaspace       used 86712K, committed 88512K, reserved 1179648K
  class space    used 10323K, committed 11136K, reserved 1048576K
}
Event: 1169.045 GC heap after
{Heap after GC invocations=2076 (full 4):
 PSYoungGen      total 2560K, used 839K [0x00000000d5580000, 0x00000000d5980000, 0x0000000100000000)
  eden space 1536K, 0% used [0x00000000d5580000,0x00000000d5580000,0x00000000d5700000)
  from space 1024K, 81% used [0x00000000d5880000,0x00000000d5951e20,0x00000000d5980000)
  to   space 1024K, 0% used [0x00000000d5780000,0x00000000d5780000,0x00000000d5880000)
 ParOldGen       total 843264K, used 338451K [0x0000000080000000, 0x00000000b3780000, 0x00000000d5580000)
  object space 843264K, 40% used [0x0000000080000000,0x0000000094a84c88,0x00000000b3780000)
 Metaspace       used 86712K, committed 88512K, reserved 1179648K
  class space    used 10323K, committed 11136K, reserved 1048576K
}
Event: 1169.060 GC heap before
{Heap before GC invocations=2077 (full 4):
 PSYoungGen      total 2560K, used 2375K [0x00000000d5580000, 0x00000000d5980000, 0x0000000100000000)
  eden space 1536K, 99% used [0x00000000d5580000,0x00000000d56fffe0,0x00000000d5700000)
  from space 1024K, 81% used [0x00000000d5880000,0x00000000d5951e20,0x00000000d5980000)
  to   space 1024K, 0% used [0x00000000d5780000,0x00000000d5780000,0x00000000d5880000)
 ParOldGen       total 843264K, used 338451K [0x0000000080000000, 0x00000000b3780000, 0x00000000d5580000)
  object space 843264K, 40% used [0x0000000080000000,0x0000000094a84c88,0x00000000b3780000)
 Metaspace       used 86713K, committed 88512K, reserved 1179648K
  class space    used 10324K, committed 11136K, reserved 1048576K
}
Event: 1169.063 GC heap after
{Heap after GC invocations=2077 (full 4):
 PSYoungGen      total 2560K, used 704K [0x00000000d5580000, 0x00000000d5900000, 0x0000000100000000)
  eden space 1536K, 0% used [0x00000000d5580000,0x00000000d5580000,0x00000000d5700000)
  from space 1024K, 68% used [0x00000000d5780000,0x00000000d5830000,0x00000000d5880000)
  to   space 512K, 0% used [0x00000000d5880000,0x00000000d5880000,0x00000000d5900000)
 ParOldGen       total 843264K, used 339111K [0x0000000080000000, 0x00000000b3780000, 0x00000000d5580000)
  object space 843264K, 40% used [0x0000000080000000,0x0000000094b29c58,0x00000000b3780000)
 Metaspace       used 86713K, committed 88512K, reserved 1179648K
  class space    used 10324K, committed 11136K, reserved 1048576K
}
Event: 1169.078 GC heap before
{Heap before GC invocations=2078 (full 4):
 PSYoungGen      total 2560K, used 2240K [0x00000000d5580000, 0x00000000d5900000, 0x0000000100000000)
  eden space 1536K, 100% used [0x00000000d5580000,0x00000000d5700000,0x00000000d5700000)
  from space 1024K, 68% used [0x00000000d5780000,0x00000000d5830000,0x00000000d5880000)
  to   space 512K, 0% used [0x00000000d5880000,0x00000000d5880000,0x00000000d5900000)
 ParOldGen       total 843264K, used 339111K [0x0000000080000000, 0x00000000b3780000, 0x00000000d5580000)
  object space 843264K, 40% used [0x0000000080000000,0x0000000094b29c58,0x00000000b3780000)
 Metaspace       used 86714K, committed 88512K, reserved 1179648K
  class space    used 10324K, committed 11136K, reserved 1048576K
}
Event: 1169.081 GC heap after
{Heap after GC invocations=2078 (full 4):
 PSYoungGen      total 2048K, used 512K [0x00000000d5580000, 0x00000000d5a00000, 0x0000000100000000)
  eden space 1536K, 0% used [0x00000000d5580000,0x00000000d5580000,0x00000000d5700000)
  from space 512K, 100% used [0x00000000d5880000,0x00000000d5900000,0x00000000d5900000)
  to   space 1536K, 0% used [0x00000000d5700000,0x00000000d5700000,0x00000000d5880000)
 ParOldGen       total 843264K, used 339795K [0x0000000080000000, 0x00000000b3780000, 0x00000000d5580000)
  object space 843264K, 40% used [0x0000000080000000,0x0000000094bd4e98,0x00000000b3780000)
 Metaspace       used 86714K, committed 88512K, reserved 1179648K
  class space    used 10324K, committed 11136K, reserved 1048576K
}
Event: 1169.092 GC heap before
{Heap before GC invocations=2079 (full 4):
 PSYoungGen      total 2048K, used 2048K [0x00000000d5580000, 0x00000000d5a00000, 0x0000000100000000)
  eden space 1536K, 100% used [0x00000000d5580000,0x00000000d5700000,0x00000000d5700000)
  from space 512K, 100% used [0x00000000d5880000,0x00000000d5900000,0x00000000d5900000)
  to   space 1536K, 0% used [0x00000000d5700000,0x00000000d5700000,0x00000000d5880000)
 ParOldGen       total 843264K, used 339795K [0x0000000080000000, 0x00000000b3780000, 0x00000000d5580000)
  object space 843264K, 40% used [0x0000000080000000,0x0000000094bd4e98,0x00000000b3780000)
 Metaspace       used 86714K, committed 88512K, reserved 1179648K
  class space    used 10324K, committed 11136K, reserved 1048576K
}
Event: 1169.094 GC heap after
{Heap after GC invocations=2079 (full 4):
 PSYoungGen      total 2560K, used 531K [0x00000000d5580000, 0x00000000d5900000, 0x0000000100000000)
  eden space 1536K, 0% used [0x00000000d5580000,0x00000000d5580000,0x00000000d5700000)
  from space 1024K, 51% used [0x00000000d5700000,0x00000000d5784d58,0x00000000d5800000)
  to   space 1024K, 0% used [0x00000000d5800000,0x00000000d5800000,0x00000000d5900000)
 ParOldGen       total 843264K, used 340311K [0x0000000080000000, 0x00000000b3780000, 0x00000000d5580000)
  object space 843264K, 40% used [0x0000000080000000,0x0000000094c55d70,0x00000000b3780000)
 Metaspace       used 86714K, committed 88512K, reserved 1179648K
  class space    used 10324K, committed 11136K, reserved 1048576K
}
Event: 1169.104 GC heap before
{Heap before GC invocations=2080 (full 4):
 PSYoungGen      total 2560K, used 2067K [0x00000000d5580000, 0x00000000d5900000, 0x0000000100000000)
  eden space 1536K, 99% used [0x00000000d5580000,0x00000000d56ffff8,0x00000000d5700000)
  from space 1024K, 51% used [0x00000000d5700000,0x00000000d5784d58,0x00000000d5800000)
  to   space 1024K, 0% used [0x00000000d5800000,0x00000000d5800000,0x00000000d5900000)
 ParOldGen       total 843264K, used 340311K [0x0000000080000000, 0x00000000b3780000, 0x00000000d5580000)
  object space 843264K, 40% used [0x0000000080000000,0x0000000094c55d70,0x00000000b3780000)
 Metaspace       used 86714K, committed 88512K, reserved 1179648K
  class space    used 10324K, committed 11136K, reserved 1048576K
}
Event: 1169.106 GC heap after
{Heap after GC invocations=2080 (full 4):
 PSYoungGen      total 2560K, used 724K [0x00000000d5580000, 0x00000000d5900000, 0x0000000100000000)
  eden space 1536K, 0% used [0x00000000d5580000,0x00000000d5580000,0x00000000d5700000)
  from space 1024K, 70% used [0x00000000d5800000,0x00000000d58b52c8,0x00000000d5900000)
  to   space 1024K, 0% used [0x00000000d5700000,0x00000000d5700000,0x00000000d5800000)
 ParOldGen       total 843264K, used 340607K [0x0000000080000000, 0x00000000b3780000, 0x00000000d5580000)
  object space 843264K, 40% used [0x0000000080000000,0x0000000094c9fd70,0x00000000b3780000)
 Metaspace       used 86714K, committed 88512K, reserved 1179648K
  class space    used 10324K, committed 11136K, reserved 1048576K
}

